<?xml version="1.0" encoding="UTF-8"?>
<testsuite name="groups.GroupDeletionTest" tests="1" skipped="0" failures="0" errors="0" timestamp="2021-02-12T03:02:00" hostname="DESKTOP-G3MFAMG" time="0.421">
  <properties/>
  <testcase name="testGroupDeletion" classname="groups.GroupDeletionTest" time="0.421"/>
  <system-out><![CDATA[]]></system-out>
  <system-err><![CDATA[Starting ChromeDriver 87.0.4280.88 (89e2380a3e36c3464b5dd1302349b1382549290d-refs/branch-heads/4280@{#1761}) on port 6135
Only local connections are allowed.
Please see https://chromedriver.chromium.org/security-considerations for suggestions on keeping ChromeDriver safe.
ChromeDriver was started successfully.
[1613098915.960][WARNING]: This version of ChromeDriver has not been tested with Chrome version 88.
Feb 11, 2021 10:01:58 PM org.openqa.selenium.remote.ProtocolHandshake createSession
INFO: Detected dialect: W3C
]]></system-err>
</testsuite>
