<?xml version="1.0" encoding="UTF-8"?>
<testsuite name="login.LoginTest" tests="1" skipped="0" failures="0" errors="0" timestamp="2021-02-10T02:47:39" hostname="DESKTOP-G3MFAMG" time="0.542">
  <properties/>
  <testcase name="testSuccessfulLogin" classname="login.LoginTest" time="0.542"/>
  <system-out><![CDATA[]]></system-out>
  <system-err><![CDATA[Starting ChromeDriver 87.0.4280.88 (89e2380a3e36c3464b5dd1302349b1382549290d-refs/branch-heads/4280@{#1761}) on port 1604
Only local connections are allowed.
Please see https://chromedriver.chromium.org/security-considerations for suggestions on keeping ChromeDriver safe.
ChromeDriver was started successfully.
[1612925255.448][WARNING]: This version of ChromeDriver has not been tested with Chrome version 88.
Feb 09, 2021 9:47:37 PM org.openqa.selenium.remote.ProtocolHandshake createSession
INFO: Detected dialect: W3C
]]></system-err>
</testsuite>
